This file contains any messages produced by compilers while
running configure, to aid debugging if configure makes a mistake.

It was created by amhello configure 1.0, which was
generated by GNU Autoconf 2.69.  Invocation command line was

  $ ./configure --no-create --no-recursion

## --------- ##
## Platform. ##
## --------- ##

hostname = lvpythondeMBP.lan
uname -m = x86_64
uname -r = 14.3.0
uname -s = Darwin
uname -v = Darwin Kernel Version 14.3.0: Mon Mar 23 11:59:05 PDT 2015; root:xnu-2782.20.48~5/RELEASE_X86_64

/usr/bin/uname -p = i386
/bin/uname -X     = unknown

/bin/arch              = unknown
/usr/bin/arch -k       = unknown
/usr/convex/getsysinfo = unknown
/usr/bin/hostinfo      = Mach kernel version:
	 Darwin Kernel Version 14.3.0: Mon Mar 23 11:59:05 PDT 2015; root:xnu-2782.20.48~5/RELEASE_X86_64
Kernel configured for up to 4 processors.
2 processors are physically available.
4 processors are logically available.
Processor type: x86_64h (Intel x86-64h Haswell)
Processors active: 0 1 2 3
Primary memory available: 8.00 gigabytes
Default processor set: 259 tasks, 1388 threads, 4 processors
Load average: 3.26, Mach factor: 1.33
/bin/machine           = unknown
/usr/bin/oslevel       = unknown
/bin/universe          = unknown

PATH: /usr/local/sbin
PATH: /Users/lvpython/.rbenv/shims
PATH: /Users/lvpython/.rbenv/bin
PATH: /usr/local/bin
PATH: /usr/bin
PATH: /bin
PATH: /usr/sbin
PATH: /sbin
PATH: /usr/local/bin
PATH: /Users/lvpython/.gem/ruby/1.8/bin
PATH: /opt/nginx/sbin
PATH: /usr/local/bin/qiniu
PATH: /Users/lvpython/bin
PATH: /Users/lvpython/.bash_it/plugins/available/todo


## ----------- ##
## Core tests. ##
## ----------- ##

configure:2166: checking for a BSD-compatible install
configure:2234: result: /usr/bin/install -c
configure:2245: checking whether build environment is sane
configure:2300: result: yes
configure:2451: checking for a thread-safe mkdir -p
configure:2490: result: ./install-sh -c -d
configure:2497: checking for gawk
configure:2527: result: no
configure:2497: checking for mawk
configure:2527: result: no
configure:2497: checking for nawk
configure:2527: result: no
configure:2497: checking for awk
configure:2513: found /usr/bin/awk
configure:2524: result: awk
configure:2535: checking whether make sets $(MAKE)
configure:2557: result: yes
configure:2586: checking whether make supports nested variables
configure:2603: result: yes
configure:2757: checking build system type
configure:2771: result: x86_64-apple-darwin14.3.0
configure:2791: checking host system type
configure:2804: result: x86_64-apple-darwin14.3.0
configure:2845: checking how to print strings
configure:2872: result: printf
configure:2905: checking for style of include used by make
configure:2933: result: GNU
configure:3004: checking for gcc
configure:3020: found /usr/bin/gcc
configure:3031: result: gcc
configure:3260: checking for C compiler version
configure:3269: gcc --version >&5
Apple LLVM version 6.1.0 (clang-602.0.49) (based on LLVM 3.6.0svn)
Target: x86_64-apple-darwin14.3.0
Thread model: posix
Configured with: --prefix=/Applications/Xcode.app/Contents/Developer/usr --with-gxx-include-dir=/usr/include/c++/4.2.1
configure:3280: $? = 0
configure:3269: gcc -v >&5
Configured with: --prefix=/Applications/Xcode.app/Contents/Developer/usr --with-gxx-include-dir=/usr/include/c++/4.2.1
Apple LLVM version 6.1.0 (clang-602.0.49) (based on LLVM 3.6.0svn)
Target: x86_64-apple-darwin14.3.0
Thread model: posix
configure:3280: $? = 0
configure:3269: gcc -V >&5
clang: error: argument to '-V' is missing (expected 1 value)
clang: error: no input files
configure:3280: $? = 1
configure:3269: gcc -qversion >&5
clang: error: unknown argument: '-qversion'
clang: error: no input files
configure:3280: $? = 1
configure:3300: checking whether the C compiler works
configure:3322: gcc    conftest.c  >&5
configure:3326: $? = 0
configure:3374: result: yes
configure:3377: checking for C compiler default output file name
configure:3379: result: a.out
configure:3385: checking for suffix of executables
configure:3392: gcc -o conftest    conftest.c  >&5
configure:3396: $? = 0
configure:3418: result: 
configure:3440: checking whether we are cross compiling
configure:3448: gcc -o conftest    conftest.c  >&5
configure:3452: $? = 0
configure:3459: ./conftest
configure:3463: $? = 0
configure:3478: result: no
configure:3483: checking for suffix of object files
configure:3505: gcc -c   conftest.c >&5
configure:3509: $? = 0
configure:3530: result: o
configure:3534: checking whether we are using the GNU C compiler
configure:3553: gcc -c   conftest.c >&5
configure:3553: $? = 0
configure:3562: result: yes
configure:3571: checking whether gcc accepts -g
configure:3591: gcc -c -g  conftest.c >&5
configure:3591: $? = 0
configure:3632: result: yes
configure:3649: checking for gcc option to accept ISO C89
configure:3712: gcc  -c -g -O2  conftest.c >&5
configure:3712: $? = 0
configure:3725: result: none needed
configure:3750: checking whether gcc understands -c and -o together
configure:3772: gcc -c conftest.c -o conftest2.o
configure:3775: $? = 0
configure:3772: gcc -c conftest.c -o conftest2.o
configure:3775: $? = 0
configure:3787: result: yes
configure:3806: checking dependency style of gcc
configure:3917: result: gcc3
configure:3932: checking for a sed that does not truncate output
configure:3996: result: /usr/bin/sed
configure:4014: checking for grep that handles long lines and -e
configure:4072: result: /usr/bin/grep
configure:4077: checking for egrep
configure:4139: result: /usr/bin/grep -E
configure:4144: checking for fgrep
configure:4206: result: /usr/bin/grep -F
configure:4241: checking for ld used by gcc
configure:4308: result: /Applications/Xcode.app/Contents/Developer/Toolchains/XcodeDefault.xctoolchain/usr/bin/ld
configure:4315: checking if the linker (/Applications/Xcode.app/Contents/Developer/Toolchains/XcodeDefault.xctoolchain/usr/bin/ld) is GNU ld
configure:4330: result: no
configure:4342: checking for BSD- or MS-compatible name lister (nm)
configure:4396: result: /usr/bin/nm
configure:4526: checking the name lister (/usr/bin/nm) interface
configure:4533: gcc -c -g -O2  conftest.c >&5
configure:4536: /usr/bin/nm "conftest.o"
configure:4539: output
00000000000001f4 S _some_variable
configure:4546: result: BSD nm
configure:4549: checking whether ln -s works
configure:4553: result: yes
configure:4561: checking the maximum length of command line arguments
configure:4692: result: 196608
configure:4740: checking how to convert x86_64-apple-darwin14.3.0 file names to x86_64-apple-darwin14.3.0 format
configure:4780: result: func_convert_file_noop
configure:4787: checking how to convert x86_64-apple-darwin14.3.0 file names to toolchain format
configure:4807: result: func_convert_file_noop
configure:4814: checking for /Applications/Xcode.app/Contents/Developer/Toolchains/XcodeDefault.xctoolchain/usr/bin/ld option to reload object files
configure:4821: result: -r
configure:4895: checking for objdump
configure:4925: result: no
configure:4954: checking how to recognize dependent libraries
configure:5154: result: pass_all
configure:5239: checking for dlltool
configure:5269: result: no
configure:5299: checking how to associate runtime and link libraries
configure:5326: result: printf %s\n
configure:5387: checking for ar
configure:5403: found /usr/bin/ar
configure:5414: result: ar
configure:5451: checking for archiver @FILE support
configure:5468: gcc -c -g -O2  conftest.c >&5
configure:5468: $? = 0
configure:5471: ar cru libconftest.a @conftest.lst >&5
ar: @conftest.lst: No such file or directory
configure:5474: $? = 1
configure:5494: result: no
configure:5552: checking for strip
configure:5568: found /usr/bin/strip
configure:5579: result: strip
configure:5651: checking for ranlib
configure:5667: found /usr/bin/ranlib
configure:5678: result: ranlib
configure:5780: checking command to parse /usr/bin/nm output from gcc object
configure:5933: gcc -c -g -O2  conftest.c >&5
configure:5936: $? = 0
configure:5940: /usr/bin/nm conftest.o \| sed -n -e 's/^.*[ ]\([BCDEGRST][BCDEGRST]*\)[ ][ ]*\([_A-Za-z][_A-Za-z0-9]*\)$/\1 \2 \2/p' | sed '/ __gnu_lto/d' \> conftest.nm
configure:5943: $? = 0
cannot find nm_test_var in conftest.nm
configure:5933: gcc -c -g -O2  conftest.c >&5
configure:5936: $? = 0
configure:5940: /usr/bin/nm conftest.o \| sed -n -e 's/^.*[ ]\([BCDEGRST][BCDEGRST]*\)[ ][ ]*_\([_A-Za-z][_A-Za-z0-9]*\)$/\1 _\2 \2/p' | sed '/ __gnu_lto/d' \> conftest.nm
configure:5943: $? = 0
configure:6009: gcc -o conftest -g -O2   conftest.c conftstm.o >&5
configure:6012: $? = 0
configure:6050: result: ok
configure:6097: checking for sysroot
configure:6127: result: no
configure:6134: checking for a working dd
configure:6172: result: /bin/dd
configure:6176: checking how to truncate binary pipes
configure:6191: result: /bin/dd bs=4096 count=1
configure:6520: checking for mt
configure:6550: result: no
configure:6570: checking if : is a manifest tool
configure:6576: : '-?'
configure:6584: result: no
configure:6640: checking for dsymutil
configure:6656: found /usr/bin/dsymutil
configure:6667: result: dsymutil
configure:6732: checking for nmedit
configure:6748: found /usr/bin/nmedit
configure:6759: result: nmedit
configure:6824: checking for lipo
configure:6840: found /usr/bin/lipo
configure:6851: result: lipo
configure:6916: checking for otool
configure:6932: found /usr/bin/otool
configure:6943: result: otool
configure:7008: checking for otool64
configure:7038: result: no
configure:7083: checking for -single_module linker flag
gcc -g -O2  -o libconftest.dylib -dynamiclib -Wl,-single_module conftest.c
configure:7116: result: yes
configure:7119: checking for -exported_symbols_list linker flag
configure:7139: gcc -o conftest -g -O2   -Wl,-exported_symbols_list,conftest.sym conftest.c  >&5
configure:7139: $? = 0
configure:7149: result: yes
configure:7152: checking for -force_load linker flag
gcc -g -O2 -c -o conftest.o conftest.c
ar cru libconftest.a conftest.o
ranlib libconftest.a
gcc -g -O2  -o conftest conftest.c -Wl,-force_load,./libconftest.a
configure:7184: result: yes
configure:7261: checking how to run the C preprocessor
configure:7292: gcc -E  conftest.c
configure:7292: $? = 0
configure:7306: gcc -E  conftest.c
conftest.c:11:10: fatal error: 'ac_nonexistent.h' file not found
#include <ac_nonexistent.h>
         ^
1 error generated.
configure:7306: $? = 1
configure: failed program was:
| /* confdefs.h */
| #define PACKAGE_NAME "amhello"
| #define PACKAGE_TARNAME "amhello"
| #define PACKAGE_VERSION "1.0"
| #define PACKAGE_STRING "amhello 1.0"
| #define PACKAGE_BUGREPORT "bug-automake@gnu.org"
| #define PACKAGE_URL ""
| #define PACKAGE "amhello"
| #define VERSION "1.0"
| /* end confdefs.h.  */
| #include <ac_nonexistent.h>
configure:7331: result: gcc -E
configure:7351: gcc -E  conftest.c
configure:7351: $? = 0
configure:7365: gcc -E  conftest.c
conftest.c:11:10: fatal error: 'ac_nonexistent.h' file not found
#include <ac_nonexistent.h>
         ^
1 error generated.
configure:7365: $? = 1
configure: failed program was:
| /* confdefs.h */
| #define PACKAGE_NAME "amhello"
| #define PACKAGE_TARNAME "amhello"
| #define PACKAGE_VERSION "1.0"
| #define PACKAGE_STRING "amhello 1.0"
| #define PACKAGE_BUGREPORT "bug-automake@gnu.org"
| #define PACKAGE_URL ""
| #define PACKAGE "amhello"
| #define VERSION "1.0"
| /* end confdefs.h.  */
| #include <ac_nonexistent.h>
configure:7394: checking for ANSI C header files
configure:7414: gcc -c -g -O2  conftest.c >&5
configure:7414: $? = 0
configure:7487: gcc -o conftest -g -O2   conftest.c  >&5
configure:7487: $? = 0
configure:7487: ./conftest
configure:7487: $? = 0
configure:7498: result: yes
configure:7511: checking for sys/types.h
configure:7511: gcc -c -g -O2  conftest.c >&5
configure:7511: $? = 0
configure:7511: result: yes
configure:7511: checking for sys/stat.h
configure:7511: gcc -c -g -O2  conftest.c >&5
configure:7511: $? = 0
configure:7511: result: yes
configure:7511: checking for stdlib.h
configure:7511: gcc -c -g -O2  conftest.c >&5
configure:7511: $? = 0
configure:7511: result: yes
configure:7511: checking for string.h
configure:7511: gcc -c -g -O2  conftest.c >&5
configure:7511: $? = 0
configure:7511: result: yes
configure:7511: checking for memory.h
configure:7511: gcc -c -g -O2  conftest.c >&5
configure:7511: $? = 0
configure:7511: result: yes
configure:7511: checking for strings.h
configure:7511: gcc -c -g -O2  conftest.c >&5
configure:7511: $? = 0
configure:7511: result: yes
configure:7511: checking for inttypes.h
configure:7511: gcc -c -g -O2  conftest.c >&5
configure:7511: $? = 0
configure:7511: result: yes
configure:7511: checking for stdint.h
configure:7511: gcc -c -g -O2  conftest.c >&5
configure:7511: $? = 0
configure:7511: result: yes
configure:7511: checking for unistd.h
configure:7511: gcc -c -g -O2  conftest.c >&5
configure:7511: $? = 0
configure:7511: result: yes
configure:7525: checking for dlfcn.h
configure:7525: gcc -c -g -O2  conftest.c >&5
configure:7525: $? = 0
configure:7525: result: yes
configure:7780: checking for objdir
configure:7795: result: .libs
configure:8055: checking if gcc supports -fno-rtti -fno-exceptions
configure:8073: gcc -c -g -O2  -fno-rtti -fno-exceptions conftest.c >&5
configure:8077: $? = 0
configure:8090: result: yes
configure:8448: checking for gcc option to produce PIC
configure:8455: result: -fno-common -DPIC
configure:8463: checking if gcc PIC flag -fno-common -DPIC works
configure:8481: gcc -c -g -O2  -fno-common -DPIC -DPIC conftest.c >&5
configure:8485: $? = 0
configure:8498: result: yes
configure:8527: checking if gcc static flag -static works
configure:8555: result: no
configure:8570: checking if gcc supports -c -o file.o
configure:8591: gcc -c -g -O2  -o out/conftest2.o conftest.c >&5
configure:8595: $? = 0
configure:8617: result: yes
configure:8625: checking if gcc supports -c -o file.o
configure:8672: result: yes
configure:8705: checking whether the gcc linker (/Applications/Xcode.app/Contents/Developer/Toolchains/XcodeDefault.xctoolchain/usr/bin/ld) supports shared libraries
configure:9964: result: yes
configure:10204: checking dynamic linker characteristics
configure:11022: result: darwin14.3.0 dyld
configure:11144: checking how to hardcode library paths into programs
configure:11169: result: immediate
configure:11717: checking whether stripping libraries is possible
configure:11731: result: yes
configure:11757: checking if libtool supports shared libraries
configure:11759: result: yes
configure:11762: checking whether to build shared libraries
configure:11787: result: yes
configure:11790: checking whether to build static libraries
configure:11794: result: yes
configure:11879: checking for gcc
configure:11906: result: gcc
configure:12135: checking for C compiler version
configure:12144: gcc --version >&5
Apple LLVM version 6.1.0 (clang-602.0.49) (based on LLVM 3.6.0svn)
Target: x86_64-apple-darwin14.3.0
Thread model: posix
Configured with: --prefix=/Applications/Xcode.app/Contents/Developer/usr --with-gxx-include-dir=/usr/include/c++/4.2.1
configure:12155: $? = 0
configure:12144: gcc -v >&5
Configured with: --prefix=/Applications/Xcode.app/Contents/Developer/usr --with-gxx-include-dir=/usr/include/c++/4.2.1
Apple LLVM version 6.1.0 (clang-602.0.49) (based on LLVM 3.6.0svn)
Target: x86_64-apple-darwin14.3.0
Thread model: posix
configure:12155: $? = 0
configure:12144: gcc -V >&5
clang: error: argument to '-V' is missing (expected 1 value)
clang: error: no input files
configure:12155: $? = 1
configure:12144: gcc -qversion >&5
clang: error: unknown argument: '-qversion'
clang: error: no input files
configure:12155: $? = 1
configure:12159: checking whether we are using the GNU C compiler
configure:12187: result: yes
configure:12196: checking whether gcc accepts -g
configure:12257: result: yes
configure:12274: checking for gcc option to accept ISO C89
configure:12350: result: none needed
configure:12375: checking whether gcc understands -c and -o together
configure:12412: result: yes
configure:12431: checking dependency style of gcc
configure:12542: result: gcc3
configure:12670: checking that generated files are newer than configure
configure:12676: result: done
configure:12703: creating ./config.status

## ---------------- ##
## Cache variables. ##
## ---------------- ##

ac_cv_build=x86_64-apple-darwin14.3.0
ac_cv_c_compiler_gnu=yes
ac_cv_env_CC_set=
ac_cv_env_CC_value=
ac_cv_env_CFLAGS_set=
ac_cv_env_CFLAGS_value=
ac_cv_env_CPPFLAGS_set=
ac_cv_env_CPPFLAGS_value=
ac_cv_env_CPP_set=
ac_cv_env_CPP_value=
ac_cv_env_LDFLAGS_set=
ac_cv_env_LDFLAGS_value=
ac_cv_env_LIBS_set=
ac_cv_env_LIBS_value=
ac_cv_env_LT_SYS_LIBRARY_PATH_set=
ac_cv_env_LT_SYS_LIBRARY_PATH_value=
ac_cv_env_build_alias_set=
ac_cv_env_build_alias_value=
ac_cv_env_host_alias_set=
ac_cv_env_host_alias_value=
ac_cv_env_target_alias_set=
ac_cv_env_target_alias_value=
ac_cv_header_dlfcn_h=yes
ac_cv_header_inttypes_h=yes
ac_cv_header_memory_h=yes
ac_cv_header_stdc=yes
ac_cv_header_stdint_h=yes
ac_cv_header_stdlib_h=yes
ac_cv_header_string_h=yes
ac_cv_header_strings_h=yes
ac_cv_header_sys_stat_h=yes
ac_cv_header_sys_types_h=yes
ac_cv_header_unistd_h=yes
ac_cv_host=x86_64-apple-darwin14.3.0
ac_cv_objext=o
ac_cv_path_EGREP='/usr/bin/grep -E'
ac_cv_path_FGREP='/usr/bin/grep -F'
ac_cv_path_GREP=/usr/bin/grep
ac_cv_path_SED=/usr/bin/sed
ac_cv_path_install='/usr/bin/install -c'
ac_cv_path_lt_DD=/bin/dd
ac_cv_prog_AWK=awk
ac_cv_prog_CPP='gcc -E'
ac_cv_prog_ac_ct_AR=ar
ac_cv_prog_ac_ct_CC=gcc
ac_cv_prog_ac_ct_DSYMUTIL=dsymutil
ac_cv_prog_ac_ct_LIPO=lipo
ac_cv_prog_ac_ct_NMEDIT=nmedit
ac_cv_prog_ac_ct_OTOOL=otool
ac_cv_prog_ac_ct_RANLIB=ranlib
ac_cv_prog_ac_ct_STRIP=strip
ac_cv_prog_cc_c89=
ac_cv_prog_cc_g=yes
ac_cv_prog_make_make_set=yes
am_cv_CC_dependencies_compiler_type=gcc3
am_cv_make_support_nested_variables=yes
am_cv_prog_cc_c_o=yes
lt_cv_apple_cc_single_mod=yes
lt_cv_ar_at_file=no
lt_cv_deplibs_check_method=pass_all
lt_cv_file_magic_cmd='$MAGIC_CMD'
lt_cv_file_magic_test_file=
lt_cv_ld_exported_symbols_list=yes
lt_cv_ld_force_load=yes
lt_cv_ld_reload_flag=-r
lt_cv_nm_interface='BSD nm'
lt_cv_objdir=.libs
lt_cv_path_LD=/Applications/Xcode.app/Contents/Developer/Toolchains/XcodeDefault.xctoolchain/usr/bin/ld
lt_cv_path_NM=/usr/bin/nm
lt_cv_path_mainfest_tool=no
lt_cv_prog_compiler_c_o=yes
lt_cv_prog_compiler_pic='-fno-common -DPIC'
lt_cv_prog_compiler_pic_works=yes
lt_cv_prog_compiler_rtti_exceptions=yes
lt_cv_prog_compiler_static_works=no
lt_cv_prog_gnu_ld=no
lt_cv_sharedlib_from_linklib_cmd='printf %s\n'
lt_cv_sys_global_symbol_pipe='sed -n -e '\''s/^.*[	 ]\([BCDEGRST][BCDEGRST]*\)[	 ][	 ]*_\([_A-Za-z][_A-Za-z0-9]*\)$/\1 _\2 \2/p'\'' | sed '\''/ __gnu_lto/d'\'''
lt_cv_sys_global_symbol_to_c_name_address='sed -n -e '\''s/^: \(.*\) .*$/  {"\1", (void *) 0},/p'\'' -e '\''s/^[BCDEGRST][BCDEGRST]* .* \(.*\)$/  {"\1", (void *) \&\1},/p'\'''
lt_cv_sys_global_symbol_to_c_name_address_lib_prefix='sed -n -e '\''s/^: \(.*\) .*$/  {"\1", (void *) 0},/p'\'' -e '\''s/^[BCDEGRST][BCDEGRST]* .* \(lib.*\)$/  {"\1", (void *) \&\1},/p'\'' -e '\''s/^[BCDEGRST][BCDEGRST]* .* \(.*\)$/  {"lib\1", (void *) \&\1},/p'\'''
lt_cv_sys_global_symbol_to_cdecl='sed -n -e '\''s/^T .* \(.*\)$/extern int \1();/p'\'' -e '\''s/^[BCDEGRST][BCDEGRST]* .* \(.*\)$/extern char \1;/p'\'''
lt_cv_sys_global_symbol_to_import=
lt_cv_sys_max_cmd_len=196608
lt_cv_to_host_file_cmd=func_convert_file_noop
lt_cv_to_tool_file_cmd=func_convert_file_noop
lt_cv_truncate_bin='/bin/dd bs=4096 count=1'

## ----------------- ##
## Output variables. ##
## ----------------- ##

ACLOCAL='${SHELL} /Users/lvpython/packages/pg_chinese/zhparser/util/missing aclocal-1.14'
AMDEPBACKSLASH='\'
AMDEP_FALSE='#'
AMDEP_TRUE=''
AMTAR='$${TAR-tar}'
AM_BACKSLASH='\'
AM_DEFAULT_V='$(AM_DEFAULT_VERBOSITY)'
AM_DEFAULT_VERBOSITY='1'
AM_V='$(V)'
AR='ar'
AUTOCONF='${SHELL} /Users/lvpython/packages/pg_chinese/zhparser/util/missing autoconf'
AUTOHEADER='${SHELL} /Users/lvpython/packages/pg_chinese/zhparser/util/missing autoheader'
AUTOMAKE='${SHELL} /Users/lvpython/packages/pg_chinese/zhparser/util/missing automake-1.14'
AWK='awk'
CC='gcc'
CCDEPMODE='depmode=gcc3'
CFLAGS='-g -O2'
CPP='gcc -E'
CPPFLAGS=''
CYGPATH_W='echo'
DEFS='-DHAVE_CONFIG_H'
DEPDIR='.deps'
DLLTOOL='false'
DSYMUTIL='dsymutil'
DUMPBIN=''
ECHO_C='\c'
ECHO_N=''
ECHO_T=''
EGREP='/usr/bin/grep -E'
EXEEXT=''
FGREP='/usr/bin/grep -F'
GREP='/usr/bin/grep'
INSTALL_DATA='${INSTALL} -m 644'
INSTALL_PROGRAM='${INSTALL}'
INSTALL_SCRIPT='${INSTALL}'
INSTALL_STRIP_PROGRAM='$(install_sh) -c -s'
LD='/Applications/Xcode.app/Contents/Developer/Toolchains/XcodeDefault.xctoolchain/usr/bin/ld'
LDFLAGS=''
LIBOBJS=''
LIBS=''
LIBTOOL='$(SHELL) $(top_builddir)/libtool'
LIPO='lipo'
LN_S='ln -s'
LTLIBOBJS=''
LT_SYS_LIBRARY_PATH=''
MAKEINFO='${SHELL} /Users/lvpython/packages/pg_chinese/zhparser/util/missing makeinfo'
MANIFEST_TOOL=':'
MKDIR_P='./install-sh -c -d'
NM='/usr/bin/nm'
NMEDIT='nmedit'
OBJDUMP='false'
OBJEXT='o'
OTOOL64=':'
OTOOL='otool'
PACKAGE='amhello'
PACKAGE_BUGREPORT='bug-automake@gnu.org'
PACKAGE_NAME='amhello'
PACKAGE_STRING='amhello 1.0'
PACKAGE_TARNAME='amhello'
PACKAGE_URL=''
PACKAGE_VERSION='1.0'
PATH_SEPARATOR=':'
RANLIB='ranlib'
SED='/usr/bin/sed'
SET_MAKE=''
SHELL='/bin/sh'
STRIP='strip'
VERSION='1.0'
ac_ct_AR='ar'
ac_ct_CC='gcc'
ac_ct_DUMPBIN=''
am__EXEEXT_FALSE=''
am__EXEEXT_TRUE='#'
am__fastdepCC_FALSE='#'
am__fastdepCC_TRUE=''
am__include='include'
am__isrc=''
am__leading_dot='.'
am__nodep='_no'
am__quote=''
am__tar='$${TAR-tar} chof - "$$tardir"'
am__untar='$${TAR-tar} xf -'
bindir='${exec_prefix}/bin'
build='x86_64-apple-darwin14.3.0'
build_alias=''
build_cpu='x86_64'
build_os='darwin14.3.0'
build_vendor='apple'
datadir='${datarootdir}'
datarootdir='${prefix}/share'
docdir='${datarootdir}/doc/${PACKAGE_TARNAME}'
dvidir='${docdir}'
exec_prefix='${prefix}'
host='x86_64-apple-darwin14.3.0'
host_alias=''
host_cpu='x86_64'
host_os='darwin14.3.0'
host_vendor='apple'
htmldir='${docdir}'
includedir='${prefix}/include'
infodir='${datarootdir}/info'
install_sh='${SHELL} /Users/lvpython/packages/pg_chinese/zhparser/util/install-sh'
libdir='${exec_prefix}/lib'
libexecdir='${exec_prefix}/libexec'
localedir='${datarootdir}/locale'
localstatedir='${prefix}/var'
mandir='${datarootdir}/man'
mkdir_p='$(MKDIR_P)'
oldincludedir='/usr/include'
pdfdir='${docdir}'
prefix='/usr/local'
program_transform_name='s,x,x,'
psdir='${docdir}'
sbindir='${exec_prefix}/sbin'
sharedstatedir='${prefix}/com'
sysconfdir='${prefix}/etc'
target_alias=''

## ----------- ##
## confdefs.h. ##
## ----------- ##

/* confdefs.h */
#define PACKAGE_NAME "amhello"
#define PACKAGE_TARNAME "amhello"
#define PACKAGE_VERSION "1.0"
#define PACKAGE_STRING "amhello 1.0"
#define PACKAGE_BUGREPORT "bug-automake@gnu.org"
#define PACKAGE_URL ""
#define PACKAGE "amhello"
#define VERSION "1.0"
#define STDC_HEADERS 1
#define HAVE_SYS_TYPES_H 1
#define HAVE_SYS_STAT_H 1
#define HAVE_STDLIB_H 1
#define HAVE_STRING_H 1
#define HAVE_MEMORY_H 1
#define HAVE_STRINGS_H 1
#define HAVE_INTTYPES_H 1
#define HAVE_STDINT_H 1
#define HAVE_UNISTD_H 1
#define HAVE_DLFCN_H 1
#define LT_OBJDIR ".libs/"

configure: exit 0

## ---------------------- ##
## Running config.status. ##
## ---------------------- ##

This file was extended by amhello config.status 1.0, which was
generated by GNU Autoconf 2.69.  Invocation command line was

  CONFIG_FILES    = 
  CONFIG_HEADERS  = 
  CONFIG_LINKS    = 
  CONFIG_COMMANDS = 
  $ ./config.status 

on lvpythondeMBP.lan

config.status:1081: creating Makefile
config.status:1081: creating src/Makefile
config.status:1081: creating config.h
config.status:1262: config.h is unchanged
config.status:1310: executing depfiles commands
config.status:1310: executing libtool commands

## ---------------------- ##
## Running config.status. ##
## ---------------------- ##

This file was extended by amhello config.status 1.0, which was
generated by GNU Autoconf 2.69.  Invocation command line was

  CONFIG_FILES    = 
  CONFIG_HEADERS  = 
  CONFIG_LINKS    = 
  CONFIG_COMMANDS = 
  $ ./config.status config.h

on lvpythondeMBP.lan

config.status:1081: creating config.h
config.status:1262: config.h is unchanged

## ---------------------- ##
## Running config.status. ##
## ---------------------- ##

This file was extended by amhello config.status 1.0, which was
generated by GNU Autoconf 2.69.  Invocation command line was

  CONFIG_FILES    = 
  CONFIG_HEADERS  = 
  CONFIG_LINKS    = 
  CONFIG_COMMANDS = 
  $ ./config.status src/Makefile depfiles

on lvpythondeMBP.lan

config.status:1081: creating src/Makefile
config.status:1310: executing depfiles commands

## ---------------------- ##
## Running config.status. ##
## ---------------------- ##

This file was extended by amhello config.status 1.0, which was
generated by GNU Autoconf 2.69.  Invocation command line was

  CONFIG_FILES    = 
  CONFIG_HEADERS  = 
  CONFIG_LINKS    = 
  CONFIG_COMMANDS = 
  $ ./config.status src/Makefile depfiles

on lvpythondeMBP.lan

config.status:1081: creating src/Makefile
config.status:1310: executing depfiles commands
